settingApp/build/outputs/logs/manifest-merger-debug-report.txt
-- Merging decision tree log ---
manifest
ADDED from src\main\AndroidManifest.xml:1:1-97:12
	package
		ADDED from src\main\AndroidManifest.xml:2:5-33
		INJECTED from src\main\AndroidManifest.xml
		INJECTED from src\main\AndroidManifest.xml
	android:versionName
		ADDED from src\main\AndroidManifest.xml:4:5-31
		INJECTED from src\main\AndroidManifest.xml
		INJECTED from src\main\AndroidManifest.xml
	android:versionCode
		ADDED from src\main\AndroidManifest.xml:3:5-29
		INJECTED from src\main\AndroidManifest.xml
		INJECTED from src\main\AndroidManifest.xml
	xmlns:android
		ADDED from src\main\AndroidManifest.xml:1:11-69
uses-permission#android.permission.ACCESS_NETWORK_STATE
ADDED from src\main\AndroidManifest.xml:7:5-79
	android:name
		ADDED from src\main\AndroidManifest.xml:7:22-76
uses-permission#android.permission.CHANGE_NETWORK_STATE
ADDED from src\main\AndroidManifest.xml:8:5-95
	android:name
		ADDED from src\main\AndroidManifest.xml:8:22-76
uses-permission#android.permission.CHANGE_WIFI_STATE
ADDED from src\main\AndroidManifest.xml:9:4-91
	android:name
		ADDED from src\main\AndroidManifest.xml:9:21-72
uses-permission#android.permission.ACCESS_WIFI_STATE
ADDED from src\main\AndroidManifest.xml:10:4-91
	android:name
		ADDED from src\main\AndroidManifest.xml:10:21-72
uses-permission#android.permission.INTERNET
ADDED from src\main\AndroidManifest.xml:11:2-80
	android:name
		ADDED from src\main\AndroidManifest.xml:11:19-61
uses-permission#android.permission.BLUETOOTH
ADDED from src\main\AndroidManifest.xml:12:2-81
	android:name
		ADDED from src\main\AndroidManifest.xml:12:19-62
uses-permission#android.permission.BLUETOOTH_ADMIN
ADDED from src\main\AndroidManifest.xml:13:2-87
	android:name
		ADDED from src\main\AndroidManifest.xml:13:19-68
uses-permission#android.permission.WRITE_SETTINGS
ADDED from src\main\AndroidManifest.xml:14:2-86
	android:name
		ADDED from src\main\AndroidManifest.xml:14:19-67
uses-permission#android.permission.ACCESS_FINE_LOCATION
ADDED from src\main\AndroidManifest.xml:17:2-76
	android:name
		ADDED from src\main\AndroidManifest.xml:17:19-73
uses-permission#android.permission.ACCESS_COARSE_LOCATION
ADDED from src\main\AndroidManifest.xml:18:2-78
	android:name
		ADDED from src\main\AndroidManifest.xml:18:19-75
uses-permission#android.permission.WRITE_EXTERNAL_STORAGE
ADDED from src\main\AndroidManifest.xml:21:2-78
	android:name
		ADDED from src\main\AndroidManifest.xml:21:19-75
uses-permission#android.permission.MOUNT_UNMOUNT_FILESYSTEMS
ADDED from src\main\AndroidManifest.xml:22:5-83
	android:name
		ADDED from src\main\AndroidManifest.xml:22:22-81
uses-permission#android.permission.SYSTEM_ALERT_WINDOW
ADDED from src\main\AndroidManifest.xml:23:5-78
	android:name
		ADDED from src\main\AndroidManifest.xml:23:22-75
uses-permission#android.permission.READ_PHONE_STATE
ADDED from src\main\AndroidManifest.xml:25:5-75
	android:name
		ADDED from src\main\AndroidManifest.xml:25:22-72
uses-permission#android.permission.CHANGE_CONFIGURATION
ADDED from src\main\AndroidManifest.xml:27:5-79
	android:name
		ADDED from src\main\AndroidManifest.xml:27:22-76
uses-sdk
ADDED from src\main\AndroidManifest.xml:31:5-33:41
	android:targetSdkVersion
		ADDED from src\main\AndroidManifest.xml:33:9-38
		INJECTED from src\main\AndroidManifest.xml
		INJECTED from src\main\AndroidManifest.xml
	android:minSdkVersion
		ADDED from src\main\AndroidManifest.xml:32:9-35
		INJECTED from src\main\AndroidManifest.xml
		INJECTED from src\main\AndroidManifest.xml
application
ADDED from src\main\AndroidManifest.xml:35:5-95:19
	android:allowBackup
		ADDED from src\main\AndroidManifest.xml:36:9-35
	android:icon
		ADDED from src\main\AndroidManifest.xml:37:9-42
	android:theme
		ADDED from src\main\AndroidManifest.xml:38:9-67
activity#com.app.settingApp.activity.ActivityMain
ADDED from src\main\AndroidManifest.xml:39:3-47:14
	android:screenOrientation
		ADDED from src\main\AndroidManifest.xml:41:15-52
	android:theme
		ADDED from src\main\AndroidManifest.xml:40:15-73
	android:name
		ADDED from src\main\AndroidManifest.xml:39:13-68
intent-filter#android.intent.action.MAIN+android.intent.category.LAUNCHER
ADDED from src\main\AndroidManifest.xml:42:4-45:20
action#android.intent.action.MAIN
ADDED from src\main\AndroidManifest.xml:43:5-57
	android:name
		ADDED from src\main\AndroidManifest.xml:43:13-54
category#android.intent.category.LAUNCHER
ADDED from src\main\AndroidManifest.xml:44:5-65
	android:name
		ADDED from src\main\AndroidManifest.xml:44:15-62
activity#com.app.settingApp.wifi.ActivityWifi
ADDED from src\main\AndroidManifest.xml:48:3-50:14
	android:screenOrientation
		ADDED from src\main\AndroidManifest.xml:49:7-44
	android:name
		ADDED from src\main\AndroidManifest.xml:48:13-64
activity#com.app.settingApp.bluetooth.ActivityBluetooth
ADDED from src\main\AndroidManifest.xml:51:3-54:14
	android:screenOrientation
		ADDED from src\main\AndroidManifest.xml:53:7-44
	android:theme
		ADDED from src\main\AndroidManifest.xml:52:7-65
	android:name
		ADDED from src\main\AndroidManifest.xml:51:13-74
activity#com.app.settingApp.brightness.ActivityBrightness
ADDED from src\main\AndroidManifest.xml:55:3-57:14
	android:screenOrientation
		ADDED from src\main\AndroidManifest.xml:56:7-44
	android:name
		ADDED from src\main\AndroidManifest.xml:55:13-76
activity#com.app.settingApp.colortemperature.ActivityColorTemperature
ADDED from src\main\AndroidManifest.xml:58:3-60:14
	android:screenOrientation
		ADDED from src\main\AndroidManifest.xml:59:7-44
	android:name
		ADDED from src\main\AndroidManifest.xml:58:13-88
activity#com.app.settingApp.sdcard.SDCardActivity
ADDED from src\main\AndroidManifest.xml:62:3-63:48
	android:screenOrientation
		ADDED from src\main\AndroidManifest.xml:63:9-46
	android:name
		ADDED from src\main\AndroidManifest.xml:62:13-68
activity#com.app.settingApp.sdcard.SDCardDialog
ADDED from src\main\AndroidManifest.xml:64:3-66:46
	android:screenOrientation
		ADDED from src\main\AndroidManifest.xml:66:7-44
	android:theme
		ADDED from src\main\AndroidManifest.xml:65:7-73
	android:name
		ADDED from src\main\AndroidManifest.xml:64:13-66
activity#com.app.settingApp.volume.VolumeActivity
ADDED from src\main\AndroidManifest.xml:68:3-69:46
	android:screenOrientation
		ADDED from src\main\AndroidManifest.xml:69:7-44
	android:name
		ADDED from src\main\AndroidManifest.xml:68:13-68
activity#com.app.settingApp.languageKeyboard.LanguageKeyboardActivity
ADDED from src\main\AndroidManifest.xml:70:3-71:46
	android:screenOrientation
		ADDED from src\main\AndroidManifest.xml:71:7-44
	android:name
		ADDED from src\main\AndroidManifest.xml:70:13-88
activity#com.app.settingApp.languageKeyboard.LanguageDialog
ADDED from src\main\AndroidManifest.xml:72:3-73:75
	android:theme
		ADDED from src\main\AndroidManifest.xml:73:7-73
	android:name
		ADDED from src\main\AndroidManifest.xml:72:13-78
activity#com.app.settingApp.deviceinfo.DeviceInfoActivity
ADDED from src\main\AndroidManifest.xml:75:3-76:46
	android:screenOrientation
		ADDED from src\main\AndroidManifest.xml:76:7-44
	android:name
		ADDED from src\main\AndroidManifest.xml:75:13-76
activity#com.app.settingApp.deviceinfo.DeviceNameDialog
ADDED from src\main\AndroidManifest.xml:77:3-78:75
	android:theme
		ADDED from src\main\AndroidManifest.xml:78:7-73
	android:name
		ADDED from src\main\AndroidManifest.xml:77:13-74
activity#com.app.settingApp.settingReset.SettingResetActivity
ADDED from src\main\AndroidManifest.xml:80:3-81:46
	android:screenOrientation
		ADDED from src\main\AndroidManifest.xml:81:7-44
	android:name
		ADDED from src\main\AndroidManifest.xml:80:13-80
activity#com.app.settingApp.upgrade.FirmwareUpgradeActivity
ADDED from src\main\AndroidManifest.xml:83:3-84:46
	android:screenOrientation
		ADDED from src\main\AndroidManifest.xml:84:7-44
	android:name
		ADDED from src\main\AndroidManifest.xml:83:13-78
activity#com.app.settingApp.battery.BatteryActivity
ADDED from src\main\AndroidManifest.xml:86:3-87:46
	android:screenOrientation
		ADDED from src\main\AndroidManifest.xml:87:7-44
	android:name
		ADDED from src\main\AndroidManifest.xml:86:13-70
activity#com.app.settingApp.ScreenAdjust.ScreenAdjustActivity
ADDED from src\main\AndroidManifest.xml:89:3-90:46
	android:screenOrientation
		ADDED from src\main\AndroidManifest.xml:90:7-44
	android:name
		ADDED from src\main\AndroidManifest.xml:89:13-80